{"/home/luis/Documentos/test/test/test_backend/controllers/contactController.js": {"path":"/home/luis/Documentos/test/test/test_backend/controllers/contactController.js","statementMap":{"0":{"start":{"line":2,"column":0},"end":{"line":2,"column":44}},"1":{"start":{"line":5,"column":0},"end":{"line":20,"column":2}},"2":{"start":{"line":6,"column":4},"end":{"line":18,"column":7}},"3":{"start":{"line":7,"column":8},"end":{"line":12,"column":9}},"4":{"start":{"line":8,"column":12},"end":{"line":11,"column":15}},"5":{"start":{"line":13,"column":8},"end":{"line":17,"column":11}},"6":{"start":{"line":23,"column":0},"end":{"line":40,"column":2}},"7":{"start":{"line":24,"column":18},"end":{"line":24,"column":31}},"8":{"start":{"line":25,"column":4},"end":{"line":25,"column":64}},"9":{"start":{"line":26,"column":4},"end":{"line":26,"column":37}},"10":{"start":{"line":27,"column":4},"end":{"line":27,"column":35}},"11":{"start":{"line":28,"column":4},"end":{"line":28,"column":35}},"12":{"start":{"line":31,"column":4},"end":{"line":39,"column":7}},"13":{"start":{"line":32,"column":8},"end":{"line":33,"column":26}},"14":{"start":{"line":33,"column":12},"end":{"line":33,"column":26}},"15":{"start":{"line":34,"column":8},"end":{"line":38,"column":11}},"16":{"start":{"line":44,"column":0},"end":{"line":54,"column":2}},"17":{"start":{"line":45,"column":4},"end":{"line":53,"column":7}},"18":{"start":{"line":46,"column":8},"end":{"line":47,"column":26}},"19":{"start":{"line":47,"column":12},"end":{"line":47,"column":26}},"20":{"start":{"line":48,"column":8},"end":{"line":52,"column":11}},"21":{"start":{"line":57,"column":0},"end":{"line":79,"column":2}},"22":{"start":{"line":59,"column":4},"end":{"line":78,"column":7}},"23":{"start":{"line":60,"column":8},"end":{"line":61,"column":26}},"24":{"start":{"line":61,"column":12},"end":{"line":61,"column":26}},"25":{"start":{"line":63,"column":8},"end":{"line":63,"column":68}},"26":{"start":{"line":64,"column":8},"end":{"line":64,"column":41}},"27":{"start":{"line":65,"column":8},"end":{"line":65,"column":39}},"28":{"start":{"line":66,"column":8},"end":{"line":66,"column":39}},"29":{"start":{"line":69,"column":8},"end":{"line":77,"column":11}},"30":{"start":{"line":70,"column":12},"end":{"line":71,"column":30}},"31":{"start":{"line":71,"column":16},"end":{"line":71,"column":30}},"32":{"start":{"line":72,"column":12},"end":{"line":76,"column":15}},"33":{"start":{"line":83,"column":0},"end":{"line":94,"column":2}},"34":{"start":{"line":84,"column":4},"end":{"line":93,"column":7}},"35":{"start":{"line":87,"column":8},"end":{"line":88,"column":26}},"36":{"start":{"line":88,"column":12},"end":{"line":88,"column":26}},"37":{"start":{"line":89,"column":8},"end":{"line":92,"column":11}}},"fnMap":{"0":{"name":"(anonymous_0)","decl":{"start":{"line":5,"column":16},"end":{"line":5,"column":17}},"loc":{"start":{"line":5,"column":36},"end":{"line":20,"column":1}},"line":5},"1":{"name":"(anonymous_1)","decl":{"start":{"line":6,"column":21},"end":{"line":6,"column":22}},"loc":{"start":{"line":6,"column":46},"end":{"line":18,"column":5}},"line":6},"2":{"name":"(anonymous_2)","decl":{"start":{"line":23,"column":14},"end":{"line":23,"column":15}},"loc":{"start":{"line":23,"column":34},"end":{"line":40,"column":1}},"line":23},"3":{"name":"(anonymous_3)","decl":{"start":{"line":31,"column":17},"end":{"line":31,"column":18}},"loc":{"start":{"line":31,"column":32},"end":{"line":39,"column":5}},"line":31},"4":{"name":"(anonymous_4)","decl":{"start":{"line":44,"column":15},"end":{"line":44,"column":16}},"loc":{"start":{"line":44,"column":35},"end":{"line":54,"column":1}},"line":44},"5":{"name":"(anonymous_5)","decl":{"start":{"line":45,"column":44},"end":{"line":45,"column":45}},"loc":{"start":{"line":45,"column":68},"end":{"line":53,"column":5}},"line":45},"6":{"name":"(anonymous_6)","decl":{"start":{"line":57,"column":17},"end":{"line":57,"column":18}},"loc":{"start":{"line":57,"column":37},"end":{"line":79,"column":1}},"line":57},"7":{"name":"(anonymous_7)","decl":{"start":{"line":59,"column":44},"end":{"line":59,"column":45}},"loc":{"start":{"line":59,"column":68},"end":{"line":78,"column":5}},"line":59},"8":{"name":"(anonymous_8)","decl":{"start":{"line":69,"column":21},"end":{"line":69,"column":22}},"loc":{"start":{"line":69,"column":36},"end":{"line":77,"column":9}},"line":69},"9":{"name":"(anonymous_9)","decl":{"start":{"line":83,"column":17},"end":{"line":83,"column":18}},"loc":{"start":{"line":83,"column":37},"end":{"line":94,"column":1}},"line":83},"10":{"name":"(anonymous_10)","decl":{"start":{"line":86,"column":7},"end":{"line":86,"column":8}},"loc":{"start":{"line":86,"column":31},"end":{"line":93,"column":5}},"line":86}},"branchMap":{"0":{"loc":{"start":{"line":7,"column":8},"end":{"line":12,"column":9}},"type":"if","locations":[{"start":{"line":7,"column":8},"end":{"line":12,"column":9}},{"start":{"line":7,"column":8},"end":{"line":12,"column":9}}],"line":7},"1":{"loc":{"start":{"line":25,"column":19},"end":{"line":25,"column":63}},"type":"cond-expr","locations":[{"start":{"line":25,"column":35},"end":{"line":25,"column":48}},{"start":{"line":25,"column":51},"end":{"line":25,"column":63}}],"line":25},"2":{"loc":{"start":{"line":32,"column":8},"end":{"line":33,"column":26}},"type":"if","locations":[{"start":{"line":32,"column":8},"end":{"line":33,"column":26}},{"start":{"line":32,"column":8},"end":{"line":33,"column":26}}],"line":32},"3":{"loc":{"start":{"line":46,"column":8},"end":{"line":47,"column":26}},"type":"if","locations":[{"start":{"line":46,"column":8},"end":{"line":47,"column":26}},{"start":{"line":46,"column":8},"end":{"line":47,"column":26}}],"line":46},"4":{"loc":{"start":{"line":60,"column":8},"end":{"line":61,"column":26}},"type":"if","locations":[{"start":{"line":60,"column":8},"end":{"line":61,"column":26}},{"start":{"line":60,"column":8},"end":{"line":61,"column":26}}],"line":60},"5":{"loc":{"start":{"line":63,"column":23},"end":{"line":63,"column":67}},"type":"cond-expr","locations":[{"start":{"line":63,"column":39},"end":{"line":63,"column":52}},{"start":{"line":63,"column":55},"end":{"line":63,"column":67}}],"line":63},"6":{"loc":{"start":{"line":70,"column":12},"end":{"line":71,"column":30}},"type":"if","locations":[{"start":{"line":70,"column":12},"end":{"line":71,"column":30}},{"start":{"line":70,"column":12},"end":{"line":71,"column":30}}],"line":70},"7":{"loc":{"start":{"line":87,"column":8},"end":{"line":88,"column":26}},"type":"if","locations":[{"start":{"line":87,"column":8},"end":{"line":88,"column":26}},{"start":{"line":87,"column":8},"end":{"line":88,"column":26}}],"line":87}},"s":{"0":1,"1":1,"2":1,"3":0,"4":0,"5":0,"6":1,"7":1,"8":1,"9":1,"10":1,"11":1,"12":1,"13":0,"14":0,"15":0,"16":1,"17":1,"18":0,"19":0,"20":0,"21":1,"22":1,"23":0,"24":0,"25":0,"26":0,"27":0,"28":0,"29":0,"30":0,"31":0,"32":0,"33":1,"34":1,"35":0,"36":0,"37":0},"f":{"0":1,"1":0,"2":1,"3":0,"4":1,"5":0,"6":1,"7":0,"8":0,"9":1,"10":0},"b":{"0":[0,0],"1":[1,0],"2":[0,0],"3":[0,0],"4":[0,0],"5":[0,0],"6":[0,0],"7":[0,0]},"_coverageSchema":"43e27e138ebf9cfc5966b082cf9a028302ed4184","hash":"80a160500e6c2ecdd542b805012751e34a32761e"}
,"/home/luis/Documentos/test/test/test_backend/models/contactModel.js": {"path":"/home/luis/Documentos/test/test/test_backend/models/contactModel.js","statementMap":{"0":{"start":{"line":1,"column":15},"end":{"line":1,"column":34}},"1":{"start":{"line":4,"column":20},"end":{"line":19,"column":2}},"2":{"start":{"line":22,"column":14},"end":{"line":22,"column":71}}},"fnMap":{},"branchMap":{},"s":{"0":1,"1":1,"2":1},"f":{},"b":{},"_coverageSchema":"43e27e138ebf9cfc5966b082cf9a028302ed4184","hash":"9053b3c5035950f5c03d95b69b25046793ec0f91"}
}
