TN:
SF:/home/luis/Documentos/test/rev/test/controllers/contactController.js
FN:5,(anonymous_0)
FN:19,(anonymous_1)
FN:41,(anonymous_2)
FN:55,(anonymous_3)
FN:77,(anonymous_4)
FNF:5
FNH:5
FNDA:2,(anonymous_0)
FNDA:3,(anonymous_1)
FNDA:2,(anonymous_2)
FNDA:3,(anonymous_3)
FNDA:2,(anonymous_4)
DA:2,12
DA:5,12
DA:6,2
DA:7,2
DA:8,1
DA:14,1
DA:19,12
DA:20,3
DA:21,3
DA:22,3
DA:23,3
DA:24,3
DA:25,3
DA:28,3
DA:29,2
DA:35,1
DA:41,12
DA:42,2
DA:43,2
DA:44,1
DA:50,1
DA:55,12
DA:56,3
DA:57,3
DA:58,2
DA:59,2
DA:60,2
DA:61,2
DA:63,2
DA:64,2
DA:71,1
DA:77,12
DA:78,2
DA:79,2
DA:82,1
DA:87,1
DA:91,12
LF:37
LH:37
BRDA:22,0,0,2
BRDA:22,0,1,1
BRDA:58,1,0,1
BRDA:58,1,1,1
BRF:4
BRH:4
end_of_record
