TN:
SF:/home/luis/Documentos/test/test/test_backend/controllers/contactController.js
FN:5,(anonymous_0)
FN:6,(anonymous_1)
FN:23,(anonymous_2)
FN:31,(anonymous_3)
FN:44,(anonymous_4)
FN:45,(anonymous_5)
FN:57,(anonymous_6)
FN:59,(anonymous_7)
FN:69,(anonymous_8)
FN:83,(anonymous_9)
FN:86,(anonymous_10)
FNF:11
FNH:5
FNDA:1,(anonymous_0)
FNDA:0,(anonymous_1)
FNDA:1,(anonymous_2)
FNDA:0,(anonymous_3)
FNDA:1,(anonymous_4)
FNDA:0,(anonymous_5)
FNDA:1,(anonymous_6)
FNDA:0,(anonymous_7)
FNDA:0,(anonymous_8)
FNDA:1,(anonymous_9)
FNDA:0,(anonymous_10)
DA:2,1
DA:5,1
DA:6,1
DA:7,0
DA:8,0
DA:13,0
DA:23,1
DA:24,1
DA:25,1
DA:26,1
DA:27,1
DA:28,1
DA:31,1
DA:32,0
DA:33,0
DA:34,0
DA:44,1
DA:45,1
DA:46,0
DA:47,0
DA:48,0
DA:57,1
DA:59,1
DA:60,0
DA:61,0
DA:63,0
DA:64,0
DA:65,0
DA:66,0
DA:69,0
DA:70,0
DA:71,0
DA:72,0
DA:83,1
DA:84,1
DA:87,0
DA:88,0
DA:89,0
LF:38
LH:16
BRDA:7,0,0,0
BRDA:7,0,1,0
BRDA:25,1,0,1
BRDA:25,1,1,0
BRDA:32,2,0,0
BRDA:32,2,1,0
BRDA:46,3,0,0
BRDA:46,3,1,0
BRDA:60,4,0,0
BRDA:60,4,1,0
BRDA:63,5,0,0
BRDA:63,5,1,0
BRDA:70,6,0,0
BRDA:70,6,1,0
BRDA:87,7,0,0
BRDA:87,7,1,0
BRF:16
BRH:1
end_of_record
TN:
SF:/home/luis/Documentos/test/test/test_backend/models/contactModel.js
FNF:0
FNH:0
DA:1,1
DA:4,1
DA:22,1
LF:3
LH:3
BRF:0
BRH:0
end_of_record
